{"/home/galal/Desktop/HYF/js-problems/array/array-duplicate.js": {"path":"/home/galal/Desktop/HYF/js-problems/array/array-duplicate.js","statementMap":{"0":{"start":{"line":8,"column":22},"end":{"line":33,"column":1}},"1":{"start":{"line":10,"column":18},"end":{"line":10,"column":26}},"2":{"start":{"line":13,"column":31},"end":{"line":13,"column":33}},"3":{"start":{"line":14,"column":4},"end":{"line":19,"column":7}},"4":{"start":{"line":15,"column":8},"end":{"line":15,"column":24}},"5":{"start":{"line":16,"column":8},"end":{"line":18,"column":9}},"6":{"start":{"line":17,"column":12},"end":{"line":17,"column":55}},"7":{"start":{"line":22,"column":4},"end":{"line":22,"column":45}},"8":{"start":{"line":24,"column":26},"end":{"line":24,"column":28}},"9":{"start":{"line":25,"column":4},"end":{"line":25,"column":99}},"10":{"start":{"line":25,"column":51},"end":{"line":25,"column":97}},"11":{"start":{"line":26,"column":4},"end":{"line":30,"column":7}},"12":{"start":{"line":27,"column":8},"end":{"line":27,"column":84}},"13":{"start":{"line":32,"column":2},"end":{"line":32,"column":25}},"14":{"start":{"line":36,"column":22},"end":{"line":38,"column":1}},"15":{"start":{"line":37,"column":4},"end":{"line":37,"column":39}},"16":{"start":{"line":40,"column":0},"end":{"line":40,"column":42}},"17":{"start":{"line":41,"column":0},"end":{"line":41,"column":38}},"18":{"start":{"line":42,"column":0},"end":{"line":42,"column":42}},"19":{"start":{"line":43,"column":0},"end":{"line":43,"column":44}}},"fnMap":{"0":{"name":"(anonymous_0)","decl":{"start":{"line":8,"column":22},"end":{"line":8,"column":23}},"loc":{"start":{"line":8,"column":28},"end":{"line":33,"column":1}},"line":8},"1":{"name":"(anonymous_1)","decl":{"start":{"line":14,"column":16},"end":{"line":14,"column":17}},"loc":{"start":{"line":14,"column":35},"end":{"line":19,"column":5}},"line":14},"2":{"name":"(anonymous_2)","decl":{"start":{"line":25,"column":33},"end":{"line":25,"column":34}},"loc":{"start":{"line":25,"column":51},"end":{"line":25,"column":97}},"line":25},"3":{"name":"(anonymous_3)","decl":{"start":{"line":26,"column":33},"end":{"line":26,"column":34}},"loc":{"start":{"line":26,"column":51},"end":{"line":30,"column":5}},"line":26},"4":{"name":"(anonymous_4)","decl":{"start":{"line":36,"column":22},"end":{"line":36,"column":23}},"loc":{"start":{"line":36,"column":52},"end":{"line":38,"column":1}},"line":36}},"branchMap":{"0":{"loc":{"start":{"line":16,"column":8},"end":{"line":18,"column":9}},"type":"if","locations":[{"start":{"line":16,"column":8},"end":{"line":18,"column":9}},{"start":{},"end":{}}],"line":16}},"s":{"0":1,"1":4,"2":4,"3":4,"4":21,"5":21,"6":4,"7":4,"8":4,"9":4,"10":21,"11":4,"12":4,"13":4,"14":1,"15":1,"16":1,"17":1,"18":1,"19":1},"f":{"0":4,"1":21,"2":21,"3":4,"4":1},"b":{"0":[4,17]},"_coverageSchema":"1a1c01bbd47fc00a2c39e90264f33305004495a9","hash":"8aae39cd1702aabffb035502762790d4dd568747"}
,"/home/galal/Desktop/HYF/js-problems/functions/narcissistic.js": {"path":"/home/galal/Desktop/HYF/js-problems/functions/narcissistic.js","statementMap":{"0":{"start":{"line":31,"column":21},"end":{"line":45,"column":3}},"1":{"start":{"line":32,"column":22},"end":{"line":32,"column":46}},"2":{"start":{"line":33,"column":19},"end":{"line":33,"column":46}},"3":{"start":{"line":34,"column":18},"end":{"line":34,"column":53}},"4":{"start":{"line":34,"column":36},"end":{"line":34,"column":52}},"5":{"start":{"line":35,"column":16},"end":{"line":35,"column":93}},"6":{"start":{"line":35,"column":62},"end":{"line":35,"column":90}},"7":{"start":{"line":36,"column":4},"end":{"line":41,"column":1}},"8":{"start":{"line":37,"column":7},"end":{"line":37,"column":19}},"9":{"start":{"line":40,"column":5},"end":{"line":40,"column":19}},"10":{"start":{"line":43,"column":0},"end":{"line":43,"column":13}},"11":{"start":{"line":47,"column":0},"end":{"line":47,"column":31}},"12":{"start":{"line":48,"column":0},"end":{"line":48,"column":31}},"13":{"start":{"line":49,"column":0},"end":{"line":49,"column":30}},"14":{"start":{"line":50,"column":0},"end":{"line":50,"column":30}}},"fnMap":{"0":{"name":"(anonymous_0)","decl":{"start":{"line":31,"column":21},"end":{"line":31,"column":22}},"loc":{"start":{"line":31,"column":33},"end":{"line":45,"column":3}},"line":31},"1":{"name":"(anonymous_1)","decl":{"start":{"line":34,"column":29},"end":{"line":34,"column":30}},"loc":{"start":{"line":34,"column":36},"end":{"line":34,"column":52}},"line":34},"2":{"name":"(anonymous_2)","decl":{"start":{"line":35,"column":29},"end":{"line":35,"column":30}},"loc":{"start":{"line":35,"column":62},"end":{"line":35,"column":90}},"line":35}},"branchMap":{"0":{"loc":{"start":{"line":36,"column":4},"end":{"line":41,"column":1}},"type":"if","locations":[{"start":{"line":36,"column":4},"end":{"line":41,"column":1}},{"start":{"line":39,"column":5},"end":{"line":41,"column":1}}],"line":36}},"s":{"0":1,"1":4,"2":4,"3":4,"4":13,"5":4,"6":13,"7":4,"8":3,"9":1,"10":4,"11":1,"12":1,"13":1,"14":1},"f":{"0":4,"1":13,"2":13},"b":{"0":[3,1]},"_coverageSchema":"1a1c01bbd47fc00a2c39e90264f33305004495a9","hash":"326a13b7e8b374b10ec56ae7ee2331c5f95cbf3f"}
,"/home/galal/Desktop/HYF/js-problems/ipmlemetation/index.js": {"path":"/home/galal/Desktop/HYF/js-problems/ipmlemetation/index.js","statementMap":{"0":{"start":{"line":1,"column":0},"end":{"line":6,"column":1}},"1":{"start":{"line":3,"column":8},"end":{"line":3,"column":29}}},"fnMap":{"0":{"name":"(anonymous_0)","decl":{"start":{"line":1,"column":23},"end":{"line":1,"column":24}},"loc":{"start":{"line":1,"column":47},"end":{"line":6,"column":1}},"line":1}},"branchMap":{},"s":{"0":1,"1":2},"f":{"0":2},"b":{},"_coverageSchema":"1a1c01bbd47fc00a2c39e90264f33305004495a9","hash":"81799f0a02fa1197318067c640ea8e80736fe9e8"}
,"/home/galal/Desktop/HYF/js-problems/object/calculate-grocery.js": {"path":"/home/galal/Desktop/HYF/js-problems/object/calculate-grocery.js","statementMap":{"0":{"start":{"line":16,"column":26},"end":{"line":28,"column":1}},"1":{"start":{"line":18,"column":21},"end":{"line":18,"column":99}},"2":{"start":{"line":19,"column":23},"end":{"line":19,"column":44}},"3":{"start":{"line":21,"column":21},"end":{"line":21,"column":56}},"4":{"start":{"line":22,"column":21},"end":{"line":22,"column":56}},"5":{"start":{"line":24,"column":24},"end":{"line":24,"column":74}},"6":{"start":{"line":24,"column":68},"end":{"line":24,"column":73}},"7":{"start":{"line":26,"column":4},"end":{"line":26,"column":23}},"8":{"start":{"line":31,"column":1},"end":{"line":31,"column":109}},"9":{"start":{"line":32,"column":1},"end":{"line":32,"column":104}}},"fnMap":{"0":{"name":"(anonymous_0)","decl":{"start":{"line":16,"column":26},"end":{"line":16,"column":27}},"loc":{"start":{"line":16,"column":60},"end":{"line":28,"column":1}},"line":16},"1":{"name":"(anonymous_1)","decl":{"start":{"line":24,"column":58},"end":{"line":24,"column":59}},"loc":{"start":{"line":24,"column":68},"end":{"line":24,"column":73}},"line":24}},"branchMap":{},"s":{"0":1,"1":2,"2":2,"3":2,"4":2,"5":2,"6":16,"7":2,"8":1,"9":1},"f":{"0":2,"1":16},"b":{},"_coverageSchema":"1a1c01bbd47fc00a2c39e90264f33305004495a9","hash":"18ce53d530b73f94af2659abbddc73aa05cbb265"}
,"/home/galal/Desktop/HYF/js-problems/object/oldest.js": {"path":"/home/galal/Desktop/HYF/js-problems/object/oldest.js","statementMap":{"0":{"start":{"line":26,"column":0},"end":{"line":32,"column":1}},"1":{"start":{"line":28,"column":21},"end":{"line":28,"column":55}},"2":{"start":{"line":29,"column":23},"end":{"line":29,"column":79}},"3":{"start":{"line":29,"column":57},"end":{"line":29,"column":78}},"4":{"start":{"line":30,"column":4},"end":{"line":30,"column":22}}},"fnMap":{"0":{"name":"(anonymous_0)","decl":{"start":{"line":26,"column":17},"end":{"line":26,"column":18}},"loc":{"start":{"line":26,"column":33},"end":{"line":32,"column":1}},"line":26},"1":{"name":"(anonymous_1)","decl":{"start":{"line":29,"column":50},"end":{"line":29,"column":51}},"loc":{"start":{"line":29,"column":57},"end":{"line":29,"column":78}},"line":29}},"branchMap":{},"s":{"0":1,"1":2,"2":2,"3":8,"4":2},"f":{"0":2,"1":8},"b":{},"_coverageSchema":"1a1c01bbd47fc00a2c39e90264f33305004495a9","hash":"99a6866296f8d2a52313d54ffcc031e2bb2c7cb7"}
}
