{"/home/galal/Desktop/HYF/js-problems/array/array-duplicate.js": {"path":"/home/galal/Desktop/HYF/js-problems/array/array-duplicate.js","statementMap":{"0":{"start":{"line":8,"column":22},"end":{"line":33,"column":1}},"1":{"start":{"line":10,"column":18},"end":{"line":10,"column":26}},"2":{"start":{"line":13,"column":31},"end":{"line":13,"column":33}},"3":{"start":{"line":14,"column":4},"end":{"line":19,"column":7}},"4":{"start":{"line":15,"column":8},"end":{"line":15,"column":24}},"5":{"start":{"line":16,"column":8},"end":{"line":18,"column":9}},"6":{"start":{"line":17,"column":12},"end":{"line":17,"column":55}},"7":{"start":{"line":22,"column":4},"end":{"line":22,"column":45}},"8":{"start":{"line":24,"column":26},"end":{"line":24,"column":28}},"9":{"start":{"line":25,"column":4},"end":{"line":25,"column":99}},"10":{"start":{"line":25,"column":51},"end":{"line":25,"column":97}},"11":{"start":{"line":26,"column":4},"end":{"line":30,"column":7}},"12":{"start":{"line":27,"column":8},"end":{"line":27,"column":84}},"13":{"start":{"line":32,"column":2},"end":{"line":32,"column":25}},"14":{"start":{"line":36,"column":22},"end":{"line":38,"column":1}},"15":{"start":{"line":37,"column":4},"end":{"line":37,"column":39}},"16":{"start":{"line":40,"column":0},"end":{"line":40,"column":42}},"17":{"start":{"line":41,"column":0},"end":{"line":41,"column":38}},"18":{"start":{"line":42,"column":0},"end":{"line":42,"column":42}},"19":{"start":{"line":43,"column":0},"end":{"line":43,"column":44}}},"fnMap":{"0":{"name":"(anonymous_0)","decl":{"start":{"line":8,"column":22},"end":{"line":8,"column":23}},"loc":{"start":{"line":8,"column":28},"end":{"line":33,"column":1}},"line":8},"1":{"name":"(anonymous_1)","decl":{"start":{"line":14,"column":16},"end":{"line":14,"column":17}},"loc":{"start":{"line":14,"column":35},"end":{"line":19,"column":5}},"line":14},"2":{"name":"(anonymous_2)","decl":{"start":{"line":25,"column":33},"end":{"line":25,"column":34}},"loc":{"start":{"line":25,"column":51},"end":{"line":25,"column":97}},"line":25},"3":{"name":"(anonymous_3)","decl":{"start":{"line":26,"column":33},"end":{"line":26,"column":34}},"loc":{"start":{"line":26,"column":51},"end":{"line":30,"column":5}},"line":26},"4":{"name":"(anonymous_4)","decl":{"start":{"line":36,"column":22},"end":{"line":36,"column":23}},"loc":{"start":{"line":36,"column":52},"end":{"line":38,"column":1}},"line":36}},"branchMap":{"0":{"loc":{"start":{"line":16,"column":8},"end":{"line":18,"column":9}},"type":"if","locations":[{"start":{"line":16,"column":8},"end":{"line":18,"column":9}},{"start":{},"end":{}}],"line":16}},"s":{"0":1,"1":4,"2":4,"3":4,"4":21,"5":21,"6":4,"7":4,"8":4,"9":4,"10":21,"11":4,"12":4,"13":4,"14":1,"15":1,"16":1,"17":1,"18":1,"19":1},"f":{"0":4,"1":21,"2":21,"3":4,"4":1},"b":{"0":[4,17]},"_coverageSchema":"1a1c01bbd47fc00a2c39e90264f33305004495a9","hash":"8aae39cd1702aabffb035502762790d4dd568747"}
}
