TN:
SF:array/array-duplicate.js
FN:8,(anonymous_0)
FN:14,(anonymous_1)
FN:25,(anonymous_2)
FN:26,(anonymous_3)
FN:36,(anonymous_4)
FNF:5
FNH:5
FNDA:4,(anonymous_0)
FNDA:21,(anonymous_1)
FNDA:21,(anonymous_2)
FNDA:4,(anonymous_3)
FNDA:1,(anonymous_4)
DA:8,1
DA:10,4
DA:13,4
DA:14,4
DA:15,21
DA:16,21
DA:17,4
DA:22,4
DA:24,4
DA:25,21
DA:26,4
DA:27,4
DA:32,4
DA:36,1
DA:37,1
DA:40,1
DA:41,1
DA:42,1
DA:43,1
LF:19
LH:19
BRDA:16,0,0,4
BRDA:16,0,1,17
BRF:2
BRH:2
end_of_record
TN:
SF:object/calculate-grocery.js
FN:16,(anonymous_0)
FN:24,(anonymous_1)
FNF:2
FNH:2
FNDA:1,(anonymous_0)
FNDA:5,(anonymous_1)
DA:16,1
DA:18,1
DA:19,1
DA:21,1
DA:22,1
DA:24,5
DA:26,1
DA:31,1
LF:8
LH:8
BRF:0
BRH:0
end_of_record
