TN:
SF:array/array-duplicate.js
FN:8,(anonymous_0)
FN:14,(anonymous_1)
FN:25,(anonymous_2)
FN:26,(anonymous_3)
FN:36,(anonymous_4)
FNF:5
FNH:5
FNDA:4,(anonymous_0)
FNDA:21,(anonymous_1)
FNDA:21,(anonymous_2)
FNDA:4,(anonymous_3)
FNDA:1,(anonymous_4)
DA:8,1
DA:10,4
DA:13,4
DA:14,4
DA:15,21
DA:16,21
DA:17,4
DA:22,4
DA:24,4
DA:25,21
DA:26,4
DA:27,4
DA:32,4
DA:36,1
DA:37,1
DA:40,1
DA:41,1
DA:42,1
DA:43,1
LF:19
LH:19
BRDA:16,0,0,4
BRDA:16,0,1,17
BRF:2
BRH:2
end_of_record
TN:
SF:functions/narcissistic.js
FN:31,(anonymous_0)
FN:34,(anonymous_1)
FN:35,(anonymous_2)
FNF:3
FNH:3
FNDA:4,(anonymous_0)
FNDA:13,(anonymous_1)
FNDA:13,(anonymous_2)
DA:31,1
DA:32,4
DA:33,4
DA:34,13
DA:35,13
DA:36,4
DA:37,3
DA:40,1
DA:43,4
DA:47,1
DA:48,1
DA:49,1
DA:50,1
LF:13
LH:13
BRDA:36,0,0,3
BRDA:36,0,1,1
BRF:2
BRH:2
end_of_record
TN:
SF:ipmlemetation/index.js
FN:1,(anonymous_0)
FNF:1
FNH:1
FNDA:2,(anonymous_0)
DA:1,1
DA:3,2
LF:2
LH:2
BRF:0
BRH:0
end_of_record
TN:
SF:object/calculate-grocery.js
FN:16,(anonymous_0)
FN:24,(anonymous_1)
FNF:2
FNH:2
FNDA:2,(anonymous_0)
FNDA:16,(anonymous_1)
DA:16,1
DA:18,2
DA:19,2
DA:21,2
DA:22,2
DA:24,16
DA:26,2
DA:31,1
DA:32,1
LF:9
LH:9
BRF:0
BRH:0
end_of_record
TN:
SF:object/oldest.js
FN:26,(anonymous_0)
FN:29,(anonymous_1)
FNF:2
FNH:2
FNDA:2,(anonymous_0)
FNDA:8,(anonymous_1)
DA:26,1
DA:28,2
DA:29,8
DA:30,2
LF:4
LH:4
BRF:0
BRH:0
end_of_record
